{"C:\\Sviluppo\\MSC\\BrewSpa\\frontend\\src\\features\\chat\\components\\BeerCatalog.tsx": {"path":"C:\\Sviluppo\\MSC\\BrewSpa\\frontend\\src\\features\\chat\\components\\BeerCatalog.tsx","statementMap":{"0":{"start":{"line":6,"column":16},"end":{"line":6,"column":null}},"1":{"start":{"line":7,"column":18},"end":{"line":7,"column":null}},"2":{"start":{"line":8,"column":16},"end":{"line":8,"column":null}},"3":{"start":{"line":10,"column":2},"end":{"line":15,"column":null}},"4":{"start":{"line":11,"column":4},"end":{"line":14,"column":null}},"5":{"start":{"line":13,"column":29},"end":{"line":13,"column":50}},"6":{"start":{"line":14,"column":21},"end":{"line":14,"column":38}},"7":{"start":{"line":17,"column":2},"end":{"line":19,"column":null}},"8":{"start":{"line":18,"column":4},"end":{"line":18,"column":null}},"9":{"start":{"line":21,"column":2},"end":{"line":23,"column":null}},"10":{"start":{"line":22,"column":4},"end":{"line":22,"column":null}},"11":{"start":{"line":25,"column":2},"end":{"line":27,"column":null}},"12":{"start":{"line":26,"column":4},"end":{"line":26,"column":null}},"13":{"start":{"line":29,"column":2},"end":{"line":49,"column":null}},"14":{"start":{"line":41,"column":10},"end":{"line":46,"column":null}}},"fnMap":{"0":{"name":"BeerCatalog","decl":{"start":{"line":5,"column":9},"end":{"line":5,"column":23}},"loc":{"start":{"line":5,"column":23},"end":{"line":51,"column":null}},"line":5},"1":{"name":"(anonymous_1)","decl":{"start":{"line":10,"column":2},"end":{"line":10,"column":18}},"loc":{"start":{"line":10,"column":18},"end":{"line":15,"column":5}},"line":10},"2":{"name":"(anonymous_2)","decl":{"start":{"line":13,"column":7},"end":{"line":13,"column":14}},"loc":{"start":{"line":13,"column":29},"end":{"line":13,"column":50}},"line":13},"3":{"name":"(anonymous_3)","decl":{"start":{"line":14,"column":7},"end":{"line":14,"column":21}},"loc":{"start":{"line":14,"column":21},"end":{"line":14,"column":38}},"line":14},"4":{"name":"(anonymous_4)","decl":{"start":{"line":40,"column":15},"end":{"line":40,"column":20}},"loc":{"start":{"line":41,"column":10},"end":{"line":46,"column":null}},"line":41}},"branchMap":{"0":{"loc":{"start":{"line":17,"column":2},"end":{"line":19,"column":null}},"type":"if","locations":[{"start":{"line":17,"column":2},"end":{"line":19,"column":null}},{"start":{},"end":{}}],"line":17},"1":{"loc":{"start":{"line":21,"column":2},"end":{"line":23,"column":null}},"type":"if","locations":[{"start":{"line":21,"column":2},"end":{"line":23,"column":null}},{"start":{},"end":{}}],"line":21},"2":{"loc":{"start":{"line":25,"column":2},"end":{"line":27,"column":null}},"type":"if","locations":[{"start":{"line":25,"column":2},"end":{"line":27,"column":null}},{"start":{},"end":{}}],"line":25},"3":{"loc":{"start":{"line":42,"column":17},"end":{"line":42,"column":38}},"type":"binary-expr","locations":[{"start":{"line":42,"column":17},"end":{"line":42,"column":30}},{"start":{"line":42,"column":30},"end":{"line":42,"column":38}}],"line":42},"4":{"loc":{"start":{"line":43,"column":17},"end":{"line":43,"column":39}},"type":"binary-expr","locations":[{"start":{"line":43,"column":17},"end":{"line":43,"column":31}},{"start":{"line":43,"column":31},"end":{"line":43,"column":39}}],"line":43},"5":{"loc":{"start":{"line":44,"column":17},"end":{"line":44,"column":79}},"type":"cond-expr","locations":[{"start":{"line":44,"column":48},"end":{"line":44,"column":71}},{"start":{"line":44,"column":71},"end":{"line":44,"column":79}}],"line":44},"6":{"loc":{"start":{"line":45,"column":17},"end":{"line":45,"column":49}},"type":"cond-expr","locations":[{"start":{"line":45,"column":33},"end":{"line":45,"column":40}},{"start":{"line":45,"column":40},"end":{"line":45,"column":49}}],"line":45},"7":{"loc":{"start":{"line":41,"column":19},"end":{"line":41,"column":null}},"type":"binary-expr","locations":[{"start":{"line":41,"column":19},"end":{"line":41,"column":34}},{"start":{"line":41,"column":34},"end":{"line":41,"column":null}}],"line":41}},"s":{"0":12,"1":12,"2":12,"3":12,"4":6,"5":0,"6":6,"7":12,"8":6,"9":6,"10":0,"11":6,"12":1,"13":5,"14":10},"f":{"0":12,"1":6,"2":0,"3":6,"4":10},"b":{"0":[6,6],"1":[0,6],"2":[1,5],"3":[10,0],"4":[10,0],"5":[5,5],"6":[5,5],"7":[10,0]},"meta":{"lastBranch":8,"lastFunction":5,"lastStatement":15,"seen":{"f:5:9:5:23":0,"s:6:16:6:Infinity":0,"s:7:18:7:Infinity":1,"s:8:16:8:Infinity":2,"s:10:2:15:Infinity":3,"f:10:2:10:18":1,"s:11:4:14:Infinity":4,"f:13:7:13:14":2,"s:13:29:13:50":5,"f:14:7:14:21":3,"s:14:21:14:38":6,"b:17:2:19:Infinity:undefined:undefined:undefined:undefined":0,"s:17:2:19:Infinity":7,"s:18:4:18:Infinity":8,"b:21:2:23:Infinity:undefined:undefined:undefined:undefined":1,"s:21:2:23:Infinity":9,"s:22:4:22:Infinity":10,"b:25:2:27:Infinity:undefined:undefined:undefined:undefined":2,"s:25:2:27:Infinity":11,"s:26:4:26:Infinity":12,"s:29:2:49:Infinity":13,"f:40:15:40:20":4,"s:41:10:46:Infinity":14,"b:42:17:42:30:42:30:42:38":3,"b:43:17:43:31:43:31:43:39":4,"b:44:48:44:71:44:71:44:79":5,"b:45:33:45:40:45:40:45:49":6,"b:41:19:41:34:41:34:41:Infinity":7}}}
,"C:\\Sviluppo\\MSC\\BrewSpa\\frontend\\src\\features\\chat\\components\\ChatInput.tsx": {"path":"C:\\Sviluppo\\MSC\\BrewSpa\\frontend\\src\\features\\chat\\components\\ChatInput.tsx","statementMap":{"0":{"start":{"line":9,"column":15},"end":{"line":9,"column":null}},"1":{"start":{"line":11,"column":18},"end":{"line":11,"column":null}},"2":{"start":{"line":12,"column":18},"end":{"line":12,"column":null}},"3":{"start":{"line":15,"column":4},"end":{"line":15,"column":null}},"4":{"start":{"line":15,"column":18},"end":{"line":15,"column":null}},"5":{"start":{"line":16,"column":4},"end":{"line":16,"column":null}},"6":{"start":{"line":17,"column":4},"end":{"line":17,"column":null}},"7":{"start":{"line":21,"column":4},"end":{"line":23,"column":null}},"8":{"start":{"line":22,"column":6},"end":{"line":22,"column":null}},"9":{"start":{"line":26,"column":2},"end":{"line":44,"column":null}},"10":{"start":{"line":31,"column":25},"end":{"line":31,"column":null}}},"fnMap":{"0":{"name":"ChatInput","decl":{"start":{"line":8,"column":9},"end":{"line":8,"column":19}},"loc":{"start":{"line":8,"column":49},"end":{"line":46,"column":null}},"line":8},"1":{"name":"handleSubmit","decl":{"start":{"line":14,"column":11},"end":{"line":14,"column":26}},"loc":{"start":{"line":14,"column":26},"end":{"line":18,"column":null}},"line":14},"2":{"name":"handleKeyDown","decl":{"start":{"line":20,"column":11},"end":{"line":20,"column":25}},"loc":{"start":{"line":20,"column":67},"end":{"line":24,"column":null}},"line":20},"3":{"name":"(anonymous_3)","decl":{"start":{"line":31,"column":8},"end":{"line":31,"column":19}},"loc":{"start":{"line":31,"column":25},"end":{"line":31,"column":null}},"line":31}},"branchMap":{"0":{"loc":{"start":{"line":12,"column":18},"end":{"line":12,"column":null}},"type":"binary-expr","locations":[{"start":{"line":12,"column":18},"end":{"line":12,"column":40}},{"start":{"line":12,"column":40},"end":{"line":12,"column":null}}],"line":12},"1":{"loc":{"start":{"line":15,"column":4},"end":{"line":15,"column":null}},"type":"if","locations":[{"start":{"line":15,"column":4},"end":{"line":15,"column":null}},{"start":{},"end":{}}],"line":15},"2":{"loc":{"start":{"line":21,"column":4},"end":{"line":23,"column":null}},"type":"if","locations":[{"start":{"line":21,"column":4},"end":{"line":23,"column":null}},{"start":{},"end":{}}],"line":21}},"s":{"0":125,"1":125,"2":125,"3":7,"4":0,"5":7,"6":7,"7":102,"8":1,"9":125,"10":101},"f":{"0":125,"1":7,"2":102,"3":101},"b":{"0":[125,96],"1":[0,7],"2":[1,101]},"meta":{"lastBranch":3,"lastFunction":4,"lastStatement":11,"seen":{"f:8:9:8:19":0,"s:9:15:9:Infinity":0,"s:11:18:11:Infinity":1,"s:12:18:12:Infinity":2,"b:12:18:12:40:12:40:12:Infinity":0,"f:14:11:14:26":1,"b:15:4:15:Infinity:undefined:undefined:undefined:undefined":1,"s:15:4:15:Infinity":3,"s:15:18:15:Infinity":4,"s:16:4:16:Infinity":5,"s:17:4:17:Infinity":6,"f:20:11:20:25":2,"b:21:4:23:Infinity:undefined:undefined:undefined:undefined":2,"s:21:4:23:Infinity":7,"s:22:6:22:Infinity":8,"s:26:2:44:Infinity":9,"f:31:8:31:19":3,"s:31:25:31:Infinity":10}}}
,"C:\\Sviluppo\\MSC\\BrewSpa\\frontend\\src\\features\\chat\\components\\ChatMessage.tsx": {"path":"C:\\Sviluppo\\MSC\\BrewSpa\\frontend\\src\\features\\chat\\components\\ChatMessage.tsx","statementMap":{"0":{"start":{"line":8,"column":2},"end":{"line":11,"column":null}}},"fnMap":{"0":{"name":"ChatMessage","decl":{"start":{"line":7,"column":9},"end":{"line":7,"column":21}},"loc":{"start":{"line":7,"column":41},"end":{"line":13,"column":null}},"line":7}},"branchMap":{},"s":{"0":27},"f":{"0":27},"b":{},"meta":{"lastBranch":0,"lastFunction":1,"lastStatement":1,"seen":{"f:7:9:7:21":0,"s:8:2:11:Infinity":0}}}
,"C:\\Sviluppo\\MSC\\BrewSpa\\frontend\\src\\features\\chat\\components\\ChatPage.tsx": {"path":"C:\\Sviluppo\\MSC\\BrewSpa\\frontend\\src\\features\\chat\\components\\ChatPage.tsx","statementMap":{"0":{"start":{"line":10,"column":20},"end":{"line":10,"column":null}},"1":{"start":{"line":11,"column":17},"end":{"line":11,"column":null}},"2":{"start":{"line":13,"column":2},"end":{"line":41,"column":null}},"3":{"start":{"line":19,"column":25},"end":{"line":19,"column":null}},"4":{"start":{"line":26,"column":25},"end":{"line":26,"column":null}}},"fnMap":{"0":{"name":"ChatPage","decl":{"start":{"line":9,"column":9},"end":{"line":9,"column":20}},"loc":{"start":{"line":9,"column":20},"end":{"line":43,"column":null}},"line":9},"1":{"name":"(anonymous_1)","decl":{"start":{"line":19,"column":10},"end":{"line":19,"column":25}},"loc":{"start":{"line":19,"column":25},"end":{"line":19,"column":null}},"line":19},"2":{"name":"(anonymous_2)","decl":{"start":{"line":26,"column":10},"end":{"line":26,"column":25}},"loc":{"start":{"line":26,"column":25},"end":{"line":26,"column":null}},"line":26}},"branchMap":{"0":{"loc":{"start":{"line":33,"column":9},"end":{"line":39,"column":23}},"type":"binary-expr","locations":[{"start":{"line":33,"column":9},"end":{"line":33,"column":null}},{"start":{"line":34,"column":10},"end":{"line":39,"column":23}}],"line":33},"1":{"loc":{"start":{"line":39,"column":9},"end":{"line":40,"column":null}},"type":"binary-expr","locations":[{"start":{"line":39,"column":9},"end":{"line":39,"column":36}},{"start":{"line":39,"column":36},"end":{"line":40,"column":null}}],"line":39}},"s":{"0":16,"1":16,"2":16,"3":0,"4":1},"f":{"0":16,"1":0,"2":1},"b":{"0":[16,15],"1":[16,1]},"meta":{"lastBranch":2,"lastFunction":3,"lastStatement":5,"seen":{"f:9:9:9:20":0,"s:10:20:10:Infinity":0,"s:11:17:11:Infinity":1,"s:13:2:41:Infinity":2,"f:19:10:19:25":1,"s:19:25:19:Infinity":3,"f:26:10:26:25":2,"s:26:25:26:Infinity":4,"b:33:9:33:Infinity:34:10:39:23":0,"b:39:9:39:36:39:36:40:Infinity":1}}}
,"C:\\Sviluppo\\MSC\\BrewSpa\\frontend\\src\\features\\chat\\components\\ChatThread.tsx": {"path":"C:\\Sviluppo\\MSC\\BrewSpa\\frontend\\src\\features\\chat\\components\\ChatThread.tsx","statementMap":{"0":{"start":{"line":11,"column":8},"end":{"line":11,"column":null}},"1":{"start":{"line":13,"column":2},"end":{"line":15,"column":null}},"2":{"start":{"line":14,"column":4},"end":{"line":14,"column":null}},"3":{"start":{"line":17,"column":2},"end":{"line":33,"column":null}},"4":{"start":{"line":23,"column":8},"end":{"line":23,"column":null}}},"fnMap":{"0":{"name":"ChatThread","decl":{"start":{"line":10,"column":9},"end":{"line":10,"column":20}},"loc":{"start":{"line":10,"column":52},"end":{"line":35,"column":null}},"line":10},"1":{"name":"(anonymous_1)","decl":{"start":{"line":13,"column":2},"end":{"line":13,"column":18}},"loc":{"start":{"line":13,"column":18},"end":{"line":15,"column":5}},"line":13},"2":{"name":"(anonymous_2)","decl":{"start":{"line":22,"column":16},"end":{"line":22,"column":21}},"loc":{"start":{"line":23,"column":8},"end":{"line":23,"column":null}},"line":23}},"branchMap":{"0":{"loc":{"start":{"line":19,"column":7},"end":{"line":20,"column":null}},"type":"binary-expr","locations":[{"start":{"line":19,"column":7},"end":{"line":19,"column":32}},{"start":{"line":19,"column":32},"end":{"line":19,"column":null}},{"start":{"line":20,"column":8},"end":{"line":20,"column":null}}],"line":19},"1":{"loc":{"start":{"line":25,"column":7},"end":{"line":30,"column":null}},"type":"binary-expr","locations":[{"start":{"line":25,"column":7},"end":{"line":25,"column":null}},{"start":{"line":26,"column":8},"end":{"line":30,"column":null}}],"line":25}},"s":{"0":20,"1":20,"2":20,"3":20,"4":21},"f":{"0":20,"1":20,"2":21},"b":{"0":[20,9,8],"1":[20,6]},"meta":{"lastBranch":2,"lastFunction":3,"lastStatement":5,"seen":{"f:10:9:10:20":0,"s:11:8:11:Infinity":0,"s:13:2:15:Infinity":1,"f:13:2:13:18":1,"s:14:4:14:Infinity":2,"s:17:2:33:Infinity":3,"b:19:7:19:32:19:32:19:Infinity:20:8:20:Infinity":0,"f:22:16:22:21":2,"s:23:8:23:Infinity":4,"b:25:7:25:Infinity:26:8:30:Infinity":1}}}
,"C:\\Sviluppo\\MSC\\BrewSpa\\frontend\\src\\features\\chat\\hooks\\useChat.ts": {"path":"C:\\Sviluppo\\MSC\\BrewSpa\\frontend\\src\\features\\chat\\hooks\\useChat.ts","statementMap":{"0":{"start":{"line":5,"column":39},"end":{"line":10,"column":null}},"1":{"start":{"line":13,"column":2},"end":{"line":13,"column":null}},"2":{"start":{"line":17,"column":2},"end":{"line":64,"column":null}},"3":{"start":{"line":19,"column":35},"end":{"line":24,"column":null}},"4":{"start":{"line":25,"column":6},"end":{"line":30,"column":null}},"5":{"start":{"line":33,"column":35},"end":{"line":38,"column":null}},"6":{"start":{"line":39,"column":6},"end":{"line":44,"column":null}},"7":{"start":{"line":47,"column":35},"end":{"line":52,"column":null}},"8":{"start":{"line":53,"column":6},"end":{"line":58,"column":null}},"9":{"start":{"line":61,"column":6},"end":{"line":61,"column":null}},"10":{"start":{"line":63,"column":6},"end":{"line":63,"column":null}},"11":{"start":{"line":74,"column":16},"end":{"line":74,"column":null}},"12":{"start":{"line":76,"column":8},"end":{"line":97,"column":null}},"13":{"start":{"line":78,"column":6},"end":{"line":78,"column":null}},"14":{"start":{"line":79,"column":6},"end":{"line":94,"column":null}},"15":{"start":{"line":80,"column":25},"end":{"line":83,"column":null}},"16":{"start":{"line":84,"column":8},"end":{"line":90,"column":null}},"17":{"start":{"line":92,"column":20},"end":{"line":92,"column":null}},"18":{"start":{"line":93,"column":8},"end":{"line":93,"column":null}},"19":{"start":{"line":99,"column":8},"end":{"line":101,"column":null}},"20":{"start":{"line":100,"column":4},"end":{"line":100,"column":null}},"21":{"start":{"line":103,"column":2},"end":{"line":103,"column":null}}},"fnMap":{"0":{"name":"generateId","decl":{"start":{"line":12,"column":9},"end":{"line":12,"column":30}},"loc":{"start":{"line":12,"column":30},"end":{"line":14,"column":null}},"line":12},"1":{"name":"chatReducer","decl":{"start":{"line":16,"column":16},"end":{"line":16,"column":28}},"loc":{"start":{"line":16,"column":77},"end":{"line":65,"column":null}},"line":16},"2":{"name":"useChat","decl":{"start":{"line":73,"column":16},"end":{"line":73,"column":41}},"loc":{"start":{"line":73,"column":41},"end":{"line":104,"column":null}},"line":73},"3":{"name":"(anonymous_3)","decl":{"start":{"line":77,"column":4},"end":{"line":77,"column":11}},"loc":{"start":{"line":77,"column":28},"end":{"line":95,"column":null}},"line":77},"4":{"name":"(anonymous_4)","decl":{"start":{"line":99,"column":16},"end":{"line":99,"column":34}},"loc":{"start":{"line":99,"column":34},"end":{"line":101,"column":5}},"line":99}},"branchMap":{"0":{"loc":{"start":{"line":17,"column":2},"end":{"line":64,"column":null}},"type":"switch","locations":[{"start":{"line":18,"column":4},"end":{"line":31,"column":null}},{"start":{"line":32,"column":4},"end":{"line":45,"column":null}},{"start":{"line":46,"column":4},"end":{"line":59,"column":null}},{"start":{"line":60,"column":4},"end":{"line":61,"column":null}},{"start":{"line":62,"column":4},"end":{"line":63,"column":null}}],"line":17},"1":{"loc":{"start":{"line":43,"column":24},"end":{"line":43,"column":null}},"type":"binary-expr","locations":[{"start":{"line":43,"column":24},"end":{"line":43,"column":57}},{"start":{"line":43,"column":57},"end":{"line":43,"column":null}}],"line":43},"2":{"loc":{"start":{"line":87,"column":20},"end":{"line":87,"column":null}},"type":"binary-expr","locations":[{"start":{"line":87,"column":20},"end":{"line":87,"column":39}},{"start":{"line":87,"column":39},"end":{"line":87,"column":null}}],"line":87},"3":{"loc":{"start":{"line":88,"column":28},"end":{"line":88,"column":null}},"type":"binary-expr","locations":[{"start":{"line":88,"column":28},"end":{"line":88,"column":55}},{"start":{"line":88,"column":55},"end":{"line":88,"column":null}}],"line":88},"4":{"loc":{"start":{"line":92,"column":20},"end":{"line":92,"column":null}},"type":"cond-expr","locations":[{"start":{"line":92,"column":45},"end":{"line":92,"column":61}},{"start":{"line":92,"column":61},"end":{"line":92,"column":null}}],"line":92}},"s":{"0":2,"1":21,"2":22,"3":10,"4":10,"5":7,"6":7,"7":4,"8":4,"9":1,"10":0,"11":16,"12":16,"13":5,"14":5,"15":5,"16":4,"17":1,"18":1,"19":16,"20":0,"21":16},"f":{"0":21,"1":22,"2":16,"3":5,"4":0},"b":{"0":[10,7,4,1,0],"1":[7,2],"2":[4,0],"3":[5,1],"4":[1,0]},"meta":{"lastBranch":5,"lastFunction":5,"lastStatement":22,"seen":{"s:5:39:10:Infinity":0,"f:12:9:12:30":0,"s:13:2:13:Infinity":1,"f:16:16:16:28":1,"b:18:4:31:Infinity:32:4:45:Infinity:46:4:59:Infinity:60:4:61:Infinity:62:4:63:Infinity":0,"s:17:2:64:Infinity":2,"s:19:35:24:Infinity":3,"s:25:6:30:Infinity":4,"s:33:35:38:Infinity":5,"s:39:6:44:Infinity":6,"b:43:24:43:57:43:57:43:Infinity":1,"s:47:35:52:Infinity":7,"s:53:6:58:Infinity":8,"s:61:6:61:Infinity":9,"s:63:6:63:Infinity":10,"f:73:16:73:41":2,"s:74:16:74:Infinity":11,"s:76:8:97:Infinity":12,"f:77:4:77:11":3,"s:78:6:78:Infinity":13,"s:79:6:94:Infinity":14,"s:80:25:83:Infinity":15,"s:84:8:90:Infinity":16,"b:87:20:87:39:87:39:87:Infinity":2,"b:88:28:88:55:88:55:88:Infinity":3,"s:92:20:92:Infinity":17,"b:92:45:92:61:92:61:92:Infinity":4,"s:93:8:93:Infinity":18,"s:99:8:101:Infinity":19,"f:99:16:99:34":4,"s:100:4:100:Infinity":20,"s:103:2:103:Infinity":21}}}
,"C:\\Sviluppo\\MSC\\BrewSpa\\frontend\\src\\features\\chat\\services\\chatApiService.ts": {"path":"C:\\Sviluppo\\MSC\\BrewSpa\\frontend\\src\\features\\chat\\services\\chatApiService.ts","statementMap":{"0":{"start":{"line":15,"column":21},"end":{"line":15,"column":null}},"1":{"start":{"line":16,"column":2},"end":{"line":19,"column":null}},"2":{"start":{"line":17,"column":30},"end":{"line":17,"column":null}},"3":{"start":{"line":18,"column":4},"end":{"line":18,"column":null}},"4":{"start":{"line":20,"column":2},"end":{"line":20,"column":null}},"5":{"start":{"line":24,"column":2},"end":{"line":29,"column":null}},"6":{"start":{"line":25,"column":21},"end":{"line":25,"column":null}},"7":{"start":{"line":26,"column":4},"end":{"line":26,"column":null}},"8":{"start":{"line":28,"column":4},"end":{"line":28,"column":null}},"9":{"start":{"line":33,"column":2},"end":{"line":38,"column":null}},"10":{"start":{"line":34,"column":21},"end":{"line":34,"column":null}},"11":{"start":{"line":35,"column":4},"end":{"line":35,"column":null}},"12":{"start":{"line":37,"column":4},"end":{"line":37,"column":null}}},"fnMap":{"0":{"name":"mapError","decl":{"start":{"line":14,"column":9},"end":{"line":14,"column":18}},"loc":{"start":{"line":14,"column":42},"end":{"line":21,"column":null}},"line":14},"1":{"name":"sendMessage","decl":{"start":{"line":23,"column":22},"end":{"line":23,"column":34}},"loc":{"start":{"line":23,"column":75},"end":{"line":30,"column":null}},"line":23},"2":{"name":"getBeerCatalog","decl":{"start":{"line":32,"column":22},"end":{"line":32,"column":67}},"loc":{"start":{"line":32,"column":67},"end":{"line":39,"column":null}},"line":32}},"branchMap":{"0":{"loc":{"start":{"line":16,"column":2},"end":{"line":19,"column":null}},"type":"if","locations":[{"start":{"line":16,"column":2},"end":{"line":19,"column":null}},{"start":{},"end":{}}],"line":16},"1":{"loc":{"start":{"line":18,"column":11},"end":{"line":18,"column":null}},"type":"binary-expr","locations":[{"start":{"line":18,"column":11},"end":{"line":18,"column":21}},{"start":{"line":18,"column":21},"end":{"line":18,"column":30}},{"start":{"line":18,"column":30},"end":{"line":18,"column":null}}],"line":18}},"s":{"0":5,"1":5,"2":5,"3":5,"4":0,"5":10,"6":10,"7":6,"8":4,"9":9,"10":9,"11":8,"12":1},"f":{"0":5,"1":10,"2":9},"b":{"0":[5,0],"1":[5,2,1]},"meta":{"lastBranch":2,"lastFunction":3,"lastStatement":13,"seen":{"f:14:9:14:18":0,"s:15:21:15:Infinity":0,"b:16:2:19:Infinity:undefined:undefined:undefined:undefined":0,"s:16:2:19:Infinity":1,"s:17:30:17:Infinity":2,"s:18:4:18:Infinity":3,"b:18:11:18:21:18:21:18:30:18:30:18:Infinity":1,"s:20:2:20:Infinity":4,"f:23:22:23:34":1,"s:24:2:29:Infinity":5,"s:25:21:25:Infinity":6,"s:26:4:26:Infinity":7,"s:28:4:28:Infinity":8,"f:32:22:32:67":2,"s:33:2:38:Infinity":9,"s:34:21:34:Infinity":10,"s:35:4:35:Infinity":11,"s:37:4:37:Infinity":12}}}
,"C:\\Sviluppo\\MSC\\BrewSpa\\frontend\\src\\features\\chat\\types\\chat.types.ts": {"path":"C:\\Sviluppo\\MSC\\BrewSpa\\frontend\\src\\features\\chat\\types\\chat.types.ts","statementMap":{},"fnMap":{},"branchMap":{},"s":{},"f":{},"b":{},"meta":{"lastBranch":0,"lastFunction":0,"lastStatement":0,"seen":{}}}
}
